<?xml version="1.0" encoding="UTF-8"?>
<!-- Generated by org.testng.reporters.JUnitReportReporter -->
<testsuite name="org.deleteUser.DeleteUser" tests="1" time="17.387" ignored="0" failures="0" timestamp="02 Jun 2021 19:12:33 GMT" skipped="0" hostname="LAPTOP-0HFMUK50" errors="0">
  <testcase name="deleteUsermodule4" time="17.387" classname="org.deleteUser.DeleteUser"/>
</testsuite> <!-- org.deleteUser.DeleteUser -->
