<?xml version="1.0" encoding="UTF-8"?>
<!-- Generated by org.testng.reporters.JUnitReportReporter -->
<testsuite name="org.editUser.EditUserModule" tests="1" time="17.026" ignored="0" failures="0" timestamp="02 Jun 2021 18:58:11 GMT" skipped="0" hostname="LAPTOP-0HFMUK50" errors="0">
  <testcase name="Module3" time="17.026" classname="org.editUser.EditUserModule"/>
</testsuite> <!-- org.editUser.EditUserModule -->
