<?xml version="1.0" encoding="UTF-8"?>
<!-- Generated by org.testng.reporters.JUnitReportReporter -->
<testsuite name="org.admin.AdminModule" tests="1" time="12.887" ignored="0" failures="0" timestamp="02 Jun 2021 18:17:11 GMT" skipped="0" hostname="LAPTOP-0HFMUK50" errors="0">
  <testcase name="AdminModule1" time="12.887" classname="org.admin.AdminModule"/>
</testsuite> <!-- org.admin.AdminModule -->
